<?xml version="1.0" encoding="UTF-8"?>
<testng-results ignored="0" total="4" passed="4" failed="0" skipped="0">
  <reporter-output>
  </reporter-output>
  <suite started-at="2024-01-12T14:52:28 IST" name="Default suite" finished-at="2024-01-12T14:52:35 IST" duration-ms="6765">
    <groups>
    </groups>
    <test started-at="2024-01-12T14:52:28 IST" name="Default test" finished-at="2024-01-12T14:52:35 IST" duration-ms="6765">
      <class name="Login_TestCases.Login">
        <test-method is-config="true" signature="OpenBrowser()[pri:0, instance:Login_TestCases.Login@6dc17b83]" started-at="2024-01-12T14:52:28 IST" name="OpenBrowser" finished-at="2024-01-12T14:52:30 IST" duration-ms="1989" status="PASS">
          <reporter-output>
          </reporter-output>
        </test-method> <!-- OpenBrowser -->
        <test-method signature="loginwithCorrectCredentials(java.lang.String,java.lang.String)[pri:0, instance:Login_TestCases.Login@6dc17b83]" started-at="2024-01-12T14:52:31 IST" name="loginwithCorrectCredentials" data-provider="Login Data" finished-at="2024-01-12T14:52:33 IST" duration-ms="2637" status="PASS">
          <params>
            <param index="0">
              <value>
                <![CDATA[student]]>
              </value>
            </param>
            <param index="1">
              <value>
                <![CDATA[Password123]]>
              </value>
            </param>
          </params>
          <reporter-output>
          </reporter-output>
        </test-method> <!-- loginwithCorrectCredentials -->
        <test-method signature="loginwithCorrectCredentials(java.lang.String,java.lang.String)[pri:0, instance:Login_TestCases.Login@6dc17b83]" started-at="2024-01-12T14:52:33 IST" name="loginwithCorrectCredentials" data-provider="Login Data" finished-at="2024-01-12T14:52:34 IST" duration-ms="783" status="PASS">
          <params>
            <param index="0">
              <value>
                <![CDATA[student]]>
              </value>
            </param>
            <param index="1">
              <value>
                <![CDATA[Password12]]>
              </value>
            </param>
          </params>
          <reporter-output>
          </reporter-output>
        </test-method> <!-- loginwithCorrectCredentials -->
        <test-method signature="loginwithCorrectCredentials(java.lang.String,java.lang.String)[pri:0, instance:Login_TestCases.Login@6dc17b83]" started-at="2024-01-12T14:52:34 IST" name="loginwithCorrectCredentials" data-provider="Login Data" finished-at="2024-01-12T14:52:35 IST" duration-ms="713" status="PASS">
          <params>
            <param index="0">
              <value>
                <![CDATA[student1]]>
              </value>
            </param>
            <param index="1">
              <value>
                <![CDATA[Password123]]>
              </value>
            </param>
          </params>
          <reporter-output>
          </reporter-output>
        </test-method> <!-- loginwithCorrectCredentials -->
        <test-method signature="loginwithCorrectCredentials(java.lang.String,java.lang.String)[pri:0, instance:Login_TestCases.Login@6dc17b83]" started-at="2024-01-12T14:52:35 IST" name="loginwithCorrectCredentials" data-provider="Login Data" finished-at="2024-01-12T14:52:35 IST" duration-ms="330" status="PASS">
          <params>
            <param index="0">
              <value>
                <![CDATA[student1]]>
              </value>
            </param>
            <param index="1">
              <value>
                <![CDATA[Password12]]>
              </value>
            </param>
          </params>
          <reporter-output>
          </reporter-output>
        </test-method> <!-- loginwithCorrectCredentials -->
        <test-method is-config="true" signature="CloseBrowser()[pri:0, instance:Login_TestCases.Login@6dc17b83]" started-at="2024-01-12T14:52:35 IST" name="CloseBrowser" finished-at="2024-01-12T14:52:35 IST" duration-ms="142" status="PASS">
          <reporter-output>
          </reporter-output>
        </test-method> <!-- CloseBrowser -->
      </class> <!-- Login_TestCases.Login -->
    </test> <!-- Default test -->
  </suite> <!-- Default suite -->
</testng-results>
