<?xml version="1.0" encoding="UTF-8"?>
<!-- Generated by org.testng.reporters.JUnitXMLReporter -->
<testsuite ignored="0" hostname="Jas" failures="0" tests="4" name="Login TestCase" time="18.635" errors="0" timestamp="2024-01-11T23:30:16 IST">
  <testcase classname="Login_TestCases.CorrectPassword" name="loginwithCorrectCredentials" time="4.704"/>
  <testcase classname="Login_TestCases.BothCorrect" name="loginwithCorrectCredentials" time="5.314"/>
  <testcase classname="Login_TestCases.CorrectUsername" name="loginwithCorrectCredentials" time="4.196"/>
  <testcase classname="Login_TestCases.BothIncorrect" name="loginwithCorrectCredentials" time="4.368"/>
</testsuite> <!-- Login TestCase -->
