<?xml version="1.0" encoding="UTF-8"?>
<!-- Generated by org.testng.reporters.JUnitXMLReporter -->
<testsuite ignored="0" hostname="Jas" failures="0" tests="4" name="Default test" time="6.765" errors="0" timestamp="2024-01-12T14:52:35 IST">
  <testcase classname="Login_TestCases.Login" name="loginwithCorrectCredentials" time="2.637"/>
  <testcase classname="Login_TestCases.Login" name="loginwithCorrectCredentials" time="0.783"/>
  <testcase classname="Login_TestCases.Login" name="loginwithCorrectCredentials" time="0.713"/>
  <testcase classname="Login_TestCases.Login" name="loginwithCorrectCredentials" time="0.33"/>
</testsuite> <!-- Default test -->
